<?xml version="1.0" encoding="UTF-8"?>
<!-- Generated by org.testng.reporters.JUnitXMLReporter -->
<testsuite hostname="NTS5CG7321YLY" name="Command line test" tests="6" failures="0" timestamp="23 Sep 2018 21:48:36 GMT" time="323.404" errors="0">
  <testcase name="upfile" time="48.405" classname="FunctionTests.ChangeAvatarTest"/>
  <testcase name="Create_N_Folder" time="44.413" classname="FunctionTests.CreateNewFolderTest"/>
  <testcase name="upfile" time="54.022" classname="FunctionTests.FileUploadTest"/>
  <testcase name="logindropbox" time="31.085" classname="FunctionTests.LoginLogoutTest"/>
  <testcase name="navigate" time="68.144" classname="FunctionTests.NavigateSideMenuTest"/>
  <testcase name="ShareFolder" time="77.314" classname="FunctionTests.ShareFolderTest"/>
</testsuite> <!-- Command line test -->
